f:\dxx\fwr\source\my-mav\serialport-mav\serialport\debug\comtool.bsc
f:\dxx\fwr\source\my-mav\serialport-mav\serialport\debug\comtool.pch
f:\dxx\fwr\source\my-mav\serialport-mav\serialport\debug\vc140.pdb
f:\dxx\fwr\source\my-mav\serialport-mav\serialport\debug\vc140.idb
f:\dxx\fwr\source\my-mav\serialport-mav\serialport\debug\stdafx.sbr
f:\dxx\fwr\source\my-mav\serialport-mav\serialport\debug\stdafx.obj
f:\dxx\fwr\source\my-mav\serialport-mav\serialport\debug\serialport.sbr
f:\dxx\fwr\source\my-mav\serialport-mav\serialport\debug\myhelpdlg.sbr
f:\dxx\fwr\source\my-mav\serialport-mav\serialport\debug\comtool.sbr
f:\dxx\fwr\source\my-mav\serialport-mav\serialport\debug\comtool.obj
f:\dxx\fwr\source\my-mav\serialport-mav\serialport\debug\myhelpdlg.obj
f:\dxx\fwr\source\my-mav\serialport-mav\serialport\debug\serialport.obj
f:\dxx\fwr\source\my-mav\serialport-mav\serialport\debug\comtooldlg.sbr
f:\dxx\fwr\source\my-mav\serialport-mav\serialport\debug\comtooldlg.obj
f:\dxx\fwr\source\my-mav\serialport-mav\serialport\debug\sendmavlink.sbr
f:\dxx\fwr\source\my-mav\serialport-mav\serialport\debug\sendmavlink.obj
f:\dxx\fwr\source\my-mav\serialport-mav\serialport\debug\comtool.ilk
f:\dxx\fwr\source\my-mav\serialport-mav\serialport\debug\comtool.exe
f:\dxx\fwr\source\my-mav\serialport-mav\serialport\debug\comtool.pdb
f:\dxx\fwr\source\my-mav\serialport-mav\serialport\debug\comtool.res
f:\dxx\fwr\source\my-mav\serialport-mav\serialport\debug\comtool.tlog\bscmake.command.1.tlog
f:\dxx\fwr\source\my-mav\serialport-mav\serialport\debug\comtool.tlog\bscmake.read.1.tlog
f:\dxx\fwr\source\my-mav\serialport-mav\serialport\debug\comtool.tlog\bscmake.write.1.tlog
f:\dxx\fwr\source\my-mav\serialport-mav\serialport\debug\comtool.tlog\cl.command.1.tlog
f:\dxx\fwr\source\my-mav\serialport-mav\serialport\debug\comtool.tlog\cl.read.1.tlog
f:\dxx\fwr\source\my-mav\serialport-mav\serialport\debug\comtool.tlog\cl.write.1.tlog
f:\dxx\fwr\source\my-mav\serialport-mav\serialport\debug\comtool.tlog\link.5372-cvtres.read.1.tlog
f:\dxx\fwr\source\my-mav\serialport-mav\serialport\debug\comtool.tlog\link.5372-cvtres.write.1.tlog
f:\dxx\fwr\source\my-mav\serialport-mav\serialport\debug\comtool.tlog\link.5372-mt.read.1.tlog
f:\dxx\fwr\source\my-mav\serialport-mav\serialport\debug\comtool.tlog\link.5372-mt.write.1.tlog
f:\dxx\fwr\source\my-mav\serialport-mav\serialport\debug\comtool.tlog\link.5372-rc.read.1.tlog
f:\dxx\fwr\source\my-mav\serialport-mav\serialport\debug\comtool.tlog\link.5372-rc.write.1.tlog
f:\dxx\fwr\source\my-mav\serialport-mav\serialport\debug\comtool.tlog\link.5372.read.1.tlog
f:\dxx\fwr\source\my-mav\serialport-mav\serialport\debug\comtool.tlog\link.5372.write.1.tlog
f:\dxx\fwr\source\my-mav\serialport-mav\serialport\debug\comtool.tlog\link.command.1.tlog
f:\dxx\fwr\source\my-mav\serialport-mav\serialport\debug\comtool.tlog\link.read.1.tlog
f:\dxx\fwr\source\my-mav\serialport-mav\serialport\debug\comtool.tlog\link.write.1.tlog
f:\dxx\fwr\source\my-mav\serialport-mav\serialport\debug\comtool.tlog\rc.command.1.tlog
f:\dxx\fwr\source\my-mav\serialport-mav\serialport\debug\comtool.tlog\rc.read.1.tlog
f:\dxx\fwr\source\my-mav\serialport-mav\serialport\debug\comtool.tlog\rc.write.1.tlog
